<?xml version="1.0" encoding="UTF-8"?>
<!-- Generated by org.testng.reporters.JUnitReportReporter -->
<testsuite hostname="lgvn181199" failures="0" tests="1" name="Railway.FinalTestTestCases" time="34.817" errors="0" timestamp="2022-10-28T17:01:27 ICT" skipped="0">
  <testcase classname="Railway.FinalTestTestCases" name="FTTC01" time="34.817"/>
  <system-out/>
</testsuite> <!-- Railway.FinalTestTestCases -->
