<?xml version="1.0" encoding="UTF-8"?>
<!-- Generated by org.testng.reporters.JUnitReportReporter -->
<testsuite hostname="lgvn181199" failures="0" tests="2" name="Railway.BookTicketTest" time="36.157" errors="0" timestamp="2022-10-28T16:54:12 ICT" skipped="0">
  <testcase classname="Railway.BookTicketTest" name="TC15" time="17.383"/>
  <system-out/>
  <testcase classname="Railway.BookTicketTest" name="TC14" time="18.774"/>
  <system-out/>
</testsuite> <!-- Railway.BookTicketTest -->
