<?xml version="1.0" encoding="UTF-8"?>
<!-- Generated by org.testng.reporters.JUnitReportReporter -->
<testsuite hostname="lgvn181199" failures="0" tests="4" name="Railway.RegisterTest" time="37.073" errors="0" timestamp="2022-10-28T16:59:20 ICT" skipped="0">
  <testcase classname="Railway.RegisterTest" name="TC10" time="16.477"/>
  <system-out/>
  <testcase classname="Railway.RegisterTest" name="TC11" time="5.820"/>
  <system-out/>
  <testcase classname="Railway.RegisterTest" name="TC07" time="6.048"/>
  <system-out/>
  <testcase classname="Railway.RegisterTest" name="TC08" time="8.728"/>
  <system-out/>
</testsuite> <!-- Railway.RegisterTest -->
